Fri Aug 03 21:32:56 CEST 2018 : Servidor de red Apache Derby: Se ha iniciado 10.11.1.2 - (1629631) y está listo para aceptar las conexiones en el puerto 1527
----------------------------------------------------------------
Fri Aug 03 21:32:56 CEST 2018:
 Iniciando instancia a816c00e-0165-0147-5231-00003e6e4c4f de Derby, versión The Apache Software Foundation - Apache Derby - 10.11.1.2 - (1629631): 
en el directorio de base de datos C:\Users\chema\Desktop\NetBeansProjects\BallSmasher\game con el cargador de clases sun.misc.Launcher$AppClassLoader@1d44bcfa
Cargado desde file:/C:/Program%20Files/Java/jdk1.8.0_151/db/lib/derby.jar
java.vendor=Oracle Corporation
java.runtime.version=1.8.0_151-b12
user.dir=C:\Program Files\Java\jdk1.8.0_151\db
os.name=Windows 10
os.arch=amd64
os.version=10.0
derby.system.home=C:\Users\chema\Desktop\NetBeansProjects\BallSmasher
Cargador de clases de base de datos iniciado - derby.database.classpath=''
----------------------------------------------------------------
Fri Aug 03 21:33:06 CEST 2018:
Cerrando la instancia a816c00e-0165-0147-5231-00003e6e4c4f en el directorio de base de datos C:\Users\chema\Desktop\NetBeansProjects\BallSmasher\game con cargador de clases sun.misc.Launcher$AppClassLoader@1d44bcfa
Fri Aug 03 21:33:06 CEST 2018 Thread[DRDAConnThread_2,5,main] (DATABASE = game), (DRDAID = {2}), Cierre de la base de datos 'game'.
----------------------------------------------------------------
Fri Aug 03 21:33:09 CEST 2018:
 Iniciando instancia a65c80ac-0165-0147-5231-00003e6e4c4f de Derby, versión The Apache Software Foundation - Apache Derby - 10.11.1.2 - (1629631): 
en el directorio de base de datos C:\Users\chema\Desktop\NetBeansProjects\BallSmasher\game con el cargador de clases sun.misc.Launcher$AppClassLoader@1d44bcfa
Cargado desde file:/C:/Program%20Files/Java/jdk1.8.0_151/db/lib/derby.jar
java.vendor=Oracle Corporation
java.runtime.version=1.8.0_151-b12
user.dir=C:\Program Files\Java\jdk1.8.0_151\db
os.name=Windows 10
os.arch=amd64
os.version=10.0
derby.system.home=C:\Users\chema\Desktop\NetBeansProjects\BallSmasher
Cargador de clases de base de datos iniciado - derby.database.classpath=''
----------------------------------------------------------------
Fri Aug 03 21:43:56 CEST 2018:
Cerrando la instancia a65c80ac-0165-0147-5231-00003e6e4c4f en el directorio de base de datos C:\Users\chema\Desktop\NetBeansProjects\BallSmasher\game con cargador de clases sun.misc.Launcher$AppClassLoader@1d44bcfa
Fri Aug 03 21:43:56 CEST 2018 Thread[DRDAConnThread_3,5,main] (DATABASE = game), (DRDAID = {4}), Cierre de la base de datos 'game'.
